#
# An unexpected error has been detected by Java Runtime Environment:
#
#  EXCEPTION_INT_DIVIDE_BY_ZERO (0xc0000094) at pc=0x795ee225, pid=1588, tid=7036
#
# Java VM: Java HotSpot(TM) Client VM (1.6.0-b105 mixed mode)
# Problematic frame:
# C  [m_dispatcher.dll+0xe225]
#
# If you would like to submit a bug report, please visit:
#   http://java.sun.com/webapps/bugreport/crash.jsp
#

---------------  T H R E A D  ---------------

Current thread (0x0750ec00):  JavaThread "main" [_thread_in_native, id=7036]

siginfo: ExceptionCode=0xc0000094

Registers:
EAX=0xb29ed24f, EBX=0x048c86e0, ECX=0x00000000, EDX=0x00000000
ESP=0x00d3a29c, EBP=0x00d3a2ac, ESI=0xfff8017c, EDI=0x000006f7
EIP=0x795ee225, EFLAGS=0x00210246

Top of Stack: (sp=0x00d3a29c)
0x00d3a29c:   00000000 000006f7 fff8017c fff80000
0x00d3a2ac:   00d3a2c4 79cd8cad 000006f7 00000000
0x00d3a2bc:   048c86e0 00000000 00d3a2f0 79cda35b
0x00d3a2cc:   048c86e0 00000000 048c86e0 00000000
0x00d3a2dc:   04ad2360 048c86e0 00d3a31c 79f89c22
0x00d3a2ec:   00000004 00d3a2fc 79cdae5b 04ad2360
0x00d3a2fc:   00d3a328 795f3d61 00000001 04ad2360
0x00d3a30c:   04ad2360 7aceee18 ffffffff 04ad2360 

Instructions: (pc=0x795ee225)
0x795ee215:   8b 7d 08 57 6a 00 8b f1 ff 15 04 a3 61 79 33 d2
0x795ee225:   f7 76 08 8b 46 04 83 c4 08 8b 14 90 85 d2 74 1a 


Stack: [0x00540000,0x00d40000),  sp=0x00d3a29c,  free space=8168k
Native frames: (J=compiled Java code, j=interpreted, Vv=VM code, C=native code)
C  [m_dispatcher.dll+0xe225]
C  [m_interpreter.dll+0x48cad]
C  [m_interpreter.dll+0x4a35b]
C  [m_interpreter.dll+0x4ae5b]
C  [m_dispatcher.dll+0x13d61]
C  [m_dispatcher.dll+0x35635]
C  [m_interpreter.dll+0x4a135]
C  [m_interpreter.dll+0x4a5db]
C  [m_dispatcher.dll+0x28c11]
C  [m_interpreter.dll+0xda8d]
C  [mcr.dll+0x1c777]
C  [m_dispatcher.dll+0x18b36]
C  [m_dispatcher.dll+0x840a]
C  [m_dispatcher.dll+0x2b0eb]
C  [m_dispatcher.dll+0x18b36]
C  [m_dispatcher.dll+0x840a]
C  [m_interpreter.dll+0x3c28d]
C  [m_interpreter.dll+0x3c342]
C  0x78661b12
C  0x78661df0
C  0x78661eaa
C  0x78664ab6
j  com.mathworks.jmi.NativeMatlab.SendMatlabMessage(Ljava/lang/Object;)Ljava/lang/Object;+0
j  com.mathworks.jmi.NativeMatlab.sendMatlabMessage(Ljava/lang/Object;)Ljava/lang/Object;+22
j  com.mathworks.jmi.MatlabLooper.sendMatlabMessage(Lcom/mathworks/services/message/MWMessage;)Ljava/lang/Object;+20
j  com.mathworks.jmi.Matlab.mtFevalConsoleOutput(Ljava/lang/String;[Ljava/lang/Object;I)Ljava/lang/Object;+58
j  com.mathworks.mde.desk.MLDesktop$5.run()V+14
J  com.mathworks.jmi.NativeMatlab.dispatchMTRequests(Z)V
v  ~StubRoutines::call_stub

Java frames: (J=compiled Java code, j=interpreted, Vv=VM code)
j  com.mathworks.jmi.NativeMatlab.SendMatlabMessage(Ljava/lang/Object;)Ljava/lang/Object;+0
j  com.mathworks.jmi.NativeMatlab.sendMatlabMessage(Ljava/lang/Object;)Ljava/lang/Object;+22
j  com.mathworks.jmi.MatlabLooper.sendMatlabMessage(Lcom/mathworks/services/message/MWMessage;)Ljava/lang/Object;+20
j  com.mathworks.jmi.Matlab.mtFevalConsoleOutput(Ljava/lang/String;[Ljava/lang/Object;I)Ljava/lang/Object;+58
j  com.mathworks.mde.desk.MLDesktop$5.run()V+14
J  com.mathworks.jmi.NativeMatlab.dispatchMTRequests(Z)V
v  ~StubRoutines::call_stub

---------------  P R O C E S S  ---------------

Java Threads: ( => current thread )
  0x0bf18800 JavaThread "Timer-4" [_thread_blocked, id=7344]
  0x0bf18000 JavaThread "Prefs Updater" [_thread_blocked, id=4568]
  0x0bf14c00 JavaThread "Active Reference Queue Daemon" daemon [_thread_blocked, id=7224]
  0x0bf14800 JavaThread "Timer-2" daemon [_thread_blocked, id=7596]
  0x0bf14000 JavaThread "Timer-1" daemon [_thread_blocked, id=6516]
  0x0bf13c00 JavaThread "TimerQueue" daemon [_thread_blocked, id=7348]
  0x0bd34000 JavaThread "AWT-EventQueue-0" [_thread_blocked, id=1108]
  0x0bd13c00 JavaThread "AWT-Windows" daemon [_thread_in_native, id=5584]
  0x0bd13800 JavaThread "AWT-Shutdown" [_thread_blocked, id=7588]
  0x0bd13400 JavaThread "Java2D Disposer" daemon [_thread_blocked, id=7464]
  0x0b5c5800 JavaThread "Timer-0" [_thread_blocked, id=7700]
  0x075b9400 JavaThread "Low Memory Detector" daemon [_thread_blocked, id=1344]
  0x075b4400 JavaThread "CompilerThread0" daemon [_thread_blocked, id=6640]
  0x075b3c00 JavaThread "Attach Listener" daemon [_thread_blocked, id=8128]
  0x07595c00 JavaThread "Finalizer" daemon [_thread_blocked, id=8140]
  0x0758d000 JavaThread "Reference Handler" daemon [_thread_blocked, id=1512]
=>0x0750ec00 JavaThread "main" [_thread_in_native, id=7036]

Other Threads:
  0x0758a000 VMThread [id=7836]
  0x075c2800 WatcherThread [id=3580]

VM state:not at safepoint (normal execution)

VM Mutex/Monitor currently owned by a thread: None

Heap
 def new generation   total 23168K, used 7310K [0x0f010000, 0x10930000, 0x11010000)
  eden space 20608K,  29% used [0x0f010000, 0x0f5f6aa0, 0x10430000)
  from space 2560K,  49% used [0x106b0000, 0x107ed0e0, 0x10930000)
  to   space 2560K,   0% used [0x10430000, 0x10430000, 0x106b0000)
 tenured generation   total 76896K, used 60131K [0x11010000, 0x15b28000, 0x17010000)
   the space 76896K,  78% used [0x11010000, 0x14ac8ed0, 0x14ac9000, 0x15b28000)
 compacting perm gen  total 32768K, used 30349K [0x17010000, 0x19010000, 0x1b010000)
   the space 32768K,  92% used [0x17010000, 0x18db37c0, 0x18db3800, 0x19010000)
No shared spaces configured.

Dynamic libraries:
0x00400000 - 0x00536000 	D:\Program Files (x86)\MATLAB\R2008a\bin\win32\MATLAB.exe
0x76ed0000 - 0x77050000 	C:\Windows\SysWOW64\ntdll.dll
0x748c0000 - 0x749d0000 	C:\Windows\syswow64\kernel32.dll
0x752e0000 - 0x75327000 	C:\Windows\syswow64\KERNELBASE.dll
0x7ac90000 - 0x7ad5b000 	D:\Program Files (x86)\MATLAB\R2008a\bin\win32\libut.dll
0x74a60000 - 0x74a8b000 	C:\Windows\syswow64\imagehlp.dll
0x762e0000 - 0x7638c000 	C:\Windows\syswow64\msvcrt.dll
0x76580000 - 0x76621000 	C:\Windows\syswow64\ADVAPI32.dll
0x74510000 - 0x74529000 	C:\Windows\SysWOW64\sechost.dll
0x747d0000 - 0x748c0000 	C:\Windows\syswow64\RPCRT4.dll
0x743a0000 - 0x74400000 	C:\Windows\syswow64\SspiCli.dll
0x74390000 - 0x7439c000 	C:\Windows\syswow64\CRYPTBASE.dll
0x767a0000 - 0x767a5000 	C:\Windows\syswow64\PSAPI.DLL
0x7b4d0000 - 0x7b4ef000 	D:\Program Files (x86)\MATLAB\R2008a\bin\win32\LIBEXPAT.dll
0x00d40000 - 0x00ddb000 	C:\Windows\WinSxS\x86_microsoft.vc80.crt_1fc8b3b9a1e18e3b_8.0.50727.4940_none_d08cc06a442b34fc\MSVCR80.dll
0x7b040000 - 0x7b117000 	D:\Program Files (x86)\MATLAB\R2008a\bin\win32\icuuc36.dll
0x7a820000 - 0x7a824000 	D:\Program Files (x86)\MATLAB\R2008a\bin\win32\icudt36.dll
0x7a830000 - 0x7a83c000 	D:\Program Files (x86)\MATLAB\R2008a\bin\win32\icuio36.dll
0x7aaf0000 - 0x7abb2000 	D:\Program Files (x86)\MATLAB\R2008a\bin\win32\icuin36.dll
0x00370000 - 0x003f7000 	C:\Windows\WinSxS\x86_microsoft.vc80.crt_1fc8b3b9a1e18e3b_8.0.50727.4940_none_d08cc06a442b34fc\MSVCP80.dll
0x74f00000 - 0x75000000 	C:\Windows\syswow64\USER32.dll
0x767b0000 - 0x76840000 	C:\Windows\syswow64\GDI32.dll
0x76720000 - 0x7672a000 	C:\Windows\syswow64\LPK.dll
0x74e60000 - 0x74efd000 	C:\Windows\syswow64\USP10.dll
0x7adc0000 - 0x7af93000 	D:\Program Files (x86)\MATLAB\R2008a\bin\win32\libmwservices.dll
0x7ad60000 - 0x7adb2000 	D:\Program Files (x86)\MATLAB\R2008a\bin\win32\libmx.dll
0x78680000 - 0x78692000 	D:\Program Files (x86)\MATLAB\R2008a\bin\win32\zlib1.dll
0x7afa0000 - 0x7b036000 	D:\Program Files (x86)\MATLAB\R2008a\bin\win32\libmwmathutil.dll
0x791b0000 - 0x791e3000 	D:\Program Files (x86)\MATLAB\R2008a\bin\win32\mpath.dll
0x7b500000 - 0x7b515000 	D:\Program Files (x86)\MATLAB\R2008a\bin\win32\mlutil.dll
0x00de0000 - 0x00e64000 	C:\Windows\WinSxS\x86_microsoft.windows.common-controls_6595b64144ccf1df_5.82.7601.18837_none_ec86b8d6858ec0bc\COMCTL32.dll
0x749e0000 - 0x74a5b000 	C:\Windows\syswow64\comdlg32.dll
0x74530000 - 0x74587000 	C:\Windows\syswow64\SHLWAPI.dll
0x75330000 - 0x75f7b000 	C:\Windows\syswow64\SHELL32.dll
0x72f20000 - 0x72f31000 	C:\Windows\system32\NETAPI32.dll
0x72ed0000 - 0x72ed9000 	C:\Windows\system32\netutils.dll
0x72eb0000 - 0x72ec9000 	C:\Windows\system32\srvcli.dll
0x72ea0000 - 0x72eaf000 	C:\Windows\system32\wkscli.dll
0x76740000 - 0x76775000 	C:\Windows\syswow64\WS2_32.dll
0x74620000 - 0x74626000 	C:\Windows\syswow64\NSI.dll
0x79710000 - 0x79746000 	D:\Program Files (x86)\MATLAB\R2008a\bin\win32\mcr.dll
0x7a840000 - 0x7a857000 	D:\Program Files (x86)\MATLAB\R2008a\bin\win32\iqm.dll
0x78550000 - 0x7856a000 	D:\Program Files (x86)\MATLAB\R2008a\bin\win32\bridge.dll
0x7a870000 - 0x7a87e000 	D:\Program Files (x86)\MATLAB\R2008a\bin\win32\libmex.dll
0x795e0000 - 0x79638000 	D:\Program Files (x86)\MATLAB\R2008a\bin\win32\m_dispatcher.dll
0x78570000 - 0x7858c000 	D:\Program Files (x86)\MATLAB\R2008a\bin\win32\datasvcs.dll
0x78a30000 - 0x78bf2000 	D:\Program Files (x86)\MATLAB\R2008a\bin\win32\xerces-c_2_7.dll
0x79c90000 - 0x7a1a0000 	D:\Program Files (x86)\MATLAB\R2008a\bin\win32\m_interpreter.dll
0x78590000 - 0x785b1000 	D:\Program Files (x86)\MATLAB\R2008a\bin\win32\libmat.dll
0x7abc0000 - 0x7ac85000 	D:\Program Files (x86)\MATLAB\R2008a\bin\win32\libhdf5.dll
0x794f0000 - 0x79539000 	D:\Program Files (x86)\MATLAB\R2008a\bin\win32\profiler.dll
0x7a8d0000 - 0x7a8d9000 	D:\Program Files (x86)\MATLAB\R2008a\bin\win32\libmwmathrng.dll
0x78600000 - 0x78612000 	D:\Program Files (x86)\MATLAB\R2008a\bin\win32\m_pcodeio.dll
0x79170000 - 0x791a4000 	D:\Program Files (x86)\MATLAB\R2008a\bin\win32\m_ir.dll
0x797c0000 - 0x79c8b000 	D:\Program Files (x86)\MATLAB\R2008a\bin\win32\m_parser.dll
0x7a860000 - 0x7a86d000 	D:\Program Files (x86)\MATLAB\R2008a\bin\win32\ir_xfmr.dll
0x782e0000 - 0x78411000 	D:\Program Files (x86)\MATLAB\R2008a\bin\win32\mcos.dll
0x7a900000 - 0x7a90a000 	D:\Program Files (x86)\MATLAB\R2008a\bin\win32\mtok.dll
0x785e0000 - 0x785f6000 	D:\Program Files (x86)\MATLAB\R2008a\bin\win32\m_pcodegen.dll
0x7a810000 - 0x7a81d000 	D:\Program Files (x86)\MATLAB\R2008a\bin\win32\boost_thread-vc80-mt-1_34_1.dll
0x7a6e0000 - 0x7a764000 	D:\Program Files (x86)\MATLAB\R2008a\bin\win32\udd.dll
0x7b120000 - 0x7b20d000 	D:\Program Files (x86)\MATLAB\R2008a\bin\win32\libmwgui.dll
0x786e0000 - 0x78860000 	D:\Program Files (x86)\MATLAB\R2008a\bin\win32\hg.dll
0x790b0000 - 0x790ea000 	D:\Program Files (x86)\MATLAB\R2008a\bin\win32\jmi.dll
0x78dd0000 - 0x78dfa000 	D:\Program Files (x86)\MATLAB\R2008a\bin\win32\libmwhardcopy.dll
0x79130000 - 0x79169000 	D:\Program Files (x86)\MATLAB\R2008a\bin\win32\libuij.dll
0x78860000 - 0x78a22000 	D:\Program Files (x86)\MATLAB\R2008a\bin\win32\numerics.dll
0x7a8a0000 - 0x7a8aa000 	D:\Program Files (x86)\MATLAB\R2008a\bin\win32\libmwblas.dll
0x7a890000 - 0x7a89c000 	D:\Program Files (x86)\MATLAB\R2008a\bin\win32\libmwbinder.dll
0x785c0000 - 0x785df000 	D:\Program Files (x86)\MATLAB\R2008a\bin\win32\libmwlapack.dll
0x7b4f0000 - 0x7b4f8000 	D:\Program Files (x86)\MATLAB\R2008a\bin\win32\libmwfftw.dll
0x7b520000 - 0x7b54a000 	D:\Program Files (x86)\MATLAB\R2008a\bin\win32\libmwrookfastbp.dll
0x78e00000 - 0x78e27000 	D:\Program Files (x86)\MATLAB\R2008a\bin\win32\libmwma57.dll
0x7aa40000 - 0x7aaeb000 	D:\Program Files (x86)\MATLAB\R2008a\bin\win32\libifcoremd.dll
0x791f0000 - 0x7949f000 	D:\Program Files (x86)\MATLAB\R2008a\bin\win32\libmmd.dll
0x7a8c0000 - 0x7a8c8000 	D:\Program Files (x86)\MATLAB\R2008a\bin\win32\libmwcsparse.dll
0x796a0000 - 0x79707000 	D:\Program Files (x86)\MATLAB\R2008a\bin\win32\libmwumfpack.dll
0x7a880000 - 0x7a888000 	D:\Program Files (x86)\MATLAB\R2008a\bin\win32\libmwamd.dll
0x79540000 - 0x79593000 	D:\Program Files (x86)\MATLAB\R2008a\bin\win32\libmwcholmod.dll
0x7a8b0000 - 0x7a8b8000 	D:\Program Files (x86)\MATLAB\R2008a\bin\win32\libmwcolamd.dll
0x7a770000 - 0x7a804000 	D:\Program Files (x86)\MATLAB\R2008a\bin\win32\uiw.dll
0x7a940000 - 0x7a949000 	D:\Program Files (x86)\MATLAB\R2008a\bin\win32\uinone.dll
0x71510000 - 0x71620000 	C:\Windows\WinSxS\x86_microsoft.vc80.mfc_1fc8b3b9a1e18e3b_8.0.50727.4027_none_cbeeb6564710a1d1\MFC80.DLL
0x010b0000 - 0x01101000 	C:\Windows\system32\WINSPOOL.DRV
0x74630000 - 0x7478c000 	C:\Windows\syswow64\ole32.dll
0x74590000 - 0x7461f000 	C:\Windows\syswow64\OLEAUT32.dll
0x79750000 - 0x797b2000 	D:\Program Files (x86)\MATLAB\R2008a\bin\win32\udd_mi.dll
0x78620000 - 0x78632000 	D:\Program Files (x86)\MATLAB\R2008a\bin\win32\mwoles05.DLL
0x794a0000 - 0x794e3000 	D:\Program Files (x86)\MATLAB\R2008a\bin\win32\comcli.dll
0x01140000 - 0x0115b000 	C:\Windows\WinSxS\x86_microsoft.vc80.atl_1fc8b3b9a1e18e3b_8.0.50727.4053_none_d1c738ec43578ea1\ATL80.DLL
0x7a8f0000 - 0x7a8fb000 	D:\Program Files (x86)\MATLAB\R2008a\bin\win32\mlautoregister.dll
0x76630000 - 0x76690000 	C:\Windows\system32\IMM32.DLL
0x74400000 - 0x744cc000 	C:\Windows\syswow64\MSCTF.dll
0x71850000 - 0x7187c000 	C:\Windows\SysWOW64\nvinit.dll
0x0f000000 - 0x0f006000 	C:\Program Files (x86)\NVIDIA Corporation\CoProcManager\detoured.dll
0x011d0000 - 0x011fb000 	C:\Program Files (x86)\NVIDIA Corporation\CoProcManager\nvd3d9wrap.dll
0x75000000 - 0x7519d000 	C:\Windows\syswow64\SETUPAPI.dll
0x75f80000 - 0x75fa7000 	C:\Windows\syswow64\CFGMGR32.dll
0x76780000 - 0x76792000 	C:\Windows\syswow64\DEVOBJ.dll
0x01220000 - 0x0123f000 	C:\Program Files (x86)\NVIDIA Corporation\CoProcManager\nvdxgiwrap.dll
0x7b7f0000 - 0x7c0b2000 	D:\Program Files (x86)\MATLAB\R2008a\bin\win32\mkl.dll
0x790f0000 - 0x7912e000 	D:\Program Files (x86)\MATLAB\R2008a\bin\win32\libguide40.dll
0x7b210000 - 0x7b216000 	D:\Program Files (x86)\MATLAB\R2008a\bin\win32\mklcompat.dll
0x7a1a0000 - 0x7a650000 	D:\Program Files (x86)\MATLAB\R2008a\bin\win32\mllapack.dll
0x7b700000 - 0x7b7e4000 	D:\Program Files (x86)\MATLAB\R2008a\bin\win32\libfftw3i.dll
0x7a950000 - 0x7aa3f000 	D:\Program Files (x86)\MATLAB\R2008a\bin\win32\libfftw3f.dll
0x71500000 - 0x7150a000 	C:\Windows\WinSxS\x86_microsoft.vc80.mfcloc_1fc8b3b9a1e18e3b_8.0.50727.4027_none_03c6f934205fcb15\MFC80CHS.DLL
0x03fa0000 - 0x04020000 	C:\Windows\system32\uxtheme.dll
0x76730000 - 0x7673b000 	C:\Windows\syswow64\profapi.dll
0x71f70000 - 0x7210e000 	C:\Windows\WinSxS\x86_microsoft.windows.common-controls_6595b64144ccf1df_6.0.7601.18837_none_41e855142bd5705d\comctl32.dll
0x76690000 - 0x76713000 	C:\Windows\syswow64\CLBCatQ.DLL
0x71ce0000 - 0x71dd5000 	C:\Windows\system32\propsys.dll
0x71480000 - 0x714a1000 	C:\Windows\system32\ntmarta.dll
0x76410000 - 0x76455000 	C:\Windows\syswow64\WLDAP32.dll
0x72470000 - 0x7248c000 	C:\Windows\system32\iphlpapi.dll
0x72e90000 - 0x72e97000 	C:\Windows\system32\WINNSI.DLL
0x71ea0000 - 0x71ee4000 	C:\Windows\system32\DNSAPI.dll
0x71c10000 - 0x71c1d000 	C:\Windows\system32\dhcpcsvc6.DLL
0x721d0000 - 0x721e2000 	C:\Windows\system32\dhcpcsvc.DLL
0x714f0000 - 0x714f3000 	C:\Windows\system32\icmp.Dll
0x78e60000 - 0x790a7000 	D:\Program Files (x86)\MATLAB\R2008a\sys\java\jre\win32\jre1.6.0\bin\client\jvm.dll
0x74790000 - 0x747c2000 	C:\Windows\syswow64\WINMM.dll
0x7c340000 - 0x7c396000 	D:\Program Files (x86)\MATLAB\R2008a\bin\win32\MSVCR71.dll
0x07490000 - 0x074dc000 	C:\Windows\system32\apphelp.dll
0x795a0000 - 0x795a8000 	D:\Program Files (x86)\MATLAB\R2008a\sys\java\jre\win32\jre1.6.0\bin\hpi.dll
0x795c0000 - 0x795cc000 	D:\Program Files (x86)\MATLAB\R2008a\sys\java\jre\win32\jre1.6.0\bin\verify.dll
0x786a0000 - 0x786bf000 	D:\Program Files (x86)\MATLAB\R2008a\sys\java\jre\win32\jre1.6.0\bin\java.dll
0x795d0000 - 0x795df000 	D:\Program Files (x86)\MATLAB\R2008a\sys\java\jre\win32\jre1.6.0\bin\zip.dll

VM Arguments:
jvm_args: -Xss512k -XX:PermSize=32M -Xms64m -XX:NewRatio=3 -XX:MaxPermSize=64M -Xmx128m -XX:MaxDirectMemorySize=1200000000 -Dsun.java2d.noddraw=true -Dsun.awt.nopixfmt=true -Xshare:off -Xrs -Djava.library.path=D:\Program Files (x86)\MATLAB\R2008a\bin\win32 vfprintf abort
java_command: <unknown>
Launcher Type: generic

Environment Variables:
PATH=C:\Program Files (x86)\NVIDIA Corporation\PhysX\Common;C:\Program Files (x86)\Intel\iCLS Client\;C:\Program Files\Intel\iCLS Client\;C:\Windows\system32;C:\Windows;C:\Windows\System32\Wbem;C:\Windows\System32\WindowsPowerShell\v1.0\;C:\Program Files\Intel\Intel(R) Management Engine Components\DAL;C:\Program Files (x86)\Intel\Intel(R) Management Engine Components\DAL;C:\Program Files\Intel\Intel(R) Management Engine Components\IPT;C:\Program Files (x86)\Intel\Intel(R) Management Engine Components\IPT;C:\Program Files\Intel\WiFi\bin\;C:\Program Files\Common Files\Intel\WirelessCommon\;C:\Program Files\Lenovo\Fingerprint Manager Pro\;C:\Program Files (x86)\Common Files\Lenovo;C:\SWTOOLS\ReadyApps;D:\Program Files (x86)\MATLAB\R2008a\bin;D:\Program Files (x86)\MATLAB\R2008a\bin\win32;C:\Program Files (x86)\Microsoft SQL Server\100\Tools\Binn\;C:\Program Files\Microsoft SQL Server\100\Tools\Binn\;C:\Program Files\Microsoft SQL Server\100\DTS\Binn\
USERNAME=rock123
OS=Windows_NT
PROCESSOR_IDENTIFIER=Intel64 Family 6 Model 61 Stepping 4, GenuineIntel



---------------  S Y S T E M  ---------------

OS: Windows NT 6.1 Build 7601 Service Pack 1

CPU:total 4 family 6, cmov, cx8, fxsr, mmx, sse, sse2

Memory: 4k page, physical 3883388k(1518960k free), swap 4194303k(4194303k free)

vm_info: Java HotSpot(TM) Client VM (1.6.0-b105) for windows-x86, built on Nov 29 2006 00:48:48 by "java_re" with unknown MS VC++:1310

